<?xml version="1.0" encoding="UTF-8"?>
<testng-results skipped="0" failed="0" ignored="0" total="1" passed="1">
  <reporter-output>
  </reporter-output>
  <suite name="Nobroker Test Automation suite" duration-ms="104713" started-at="2020-04-21T02:33:58Z" finished-at="2020-04-21T02:35:43Z">
    <groups>
    </groups>
    <test name="Nobroker testcase" duration-ms="104713" started-at="2020-04-21T02:33:58Z" finished-at="2020-04-21T02:35:43Z">
      <class name="com.nobrokers.app.Homescreen">
        <test-method status="PASS" signature="lunch()[pri:0, instance:com.nobrokers.app.Homescreen@56ac3a89]" name="lunch" is-config="true" duration-ms="38781" started-at="2020-04-21T02:33:58Z" finished-at="2020-04-21T02:34:37Z">
          <reporter-output>
          </reporter-output>
        </test-method> <!-- lunch -->
        <test-method status="PASS" signature="homescreenTofourthProperty()[pri:0, instance:com.nobrokers.app.Homescreen@56ac3a89]" name="homescreenTofourthProperty" duration-ms="60448" started-at="2020-04-21T02:34:37Z" finished-at="2020-04-21T02:35:38Z">
          <reporter-output>
          </reporter-output>
        </test-method> <!-- homescreenTofourthProperty -->
        <test-method status="PASS" signature="quit()[pri:0, instance:com.nobrokers.app.Homescreen@56ac3a89]" name="quit" is-config="true" duration-ms="5287" started-at="2020-04-21T02:35:38Z" finished-at="2020-04-21T02:35:43Z">
          <reporter-output>
          </reporter-output>
        </test-method> <!-- quit -->
      </class> <!-- com.nobrokers.app.Homescreen -->
    </test> <!-- Nobroker testcase -->
  </suite> <!-- Nobroker Test Automation suite -->
</testng-results>
